<?xml version="1.0" encoding="UTF-8"?>
<!-- Generated by org.testng.reporters.JUnitReportReporter -->
<testsuite skipped="0" hostname="ML-96137" name="main.Prueba1" tests="2" failures="0" timestamp="06 ago 2018 19:26:11 GMT" time="2.278" errors="0">
  <testcase name="testDelete" time="1.909" classname="main.Prueba1"/>
  <testcase name="testPUT" time="0.369" classname="main.Prueba1"/>
</testsuite> <!-- main.Prueba1 -->
