<?xml version="1.0" encoding="UTF-8"?>
<!-- Generated by org.testng.reporters.JUnitReportReporter -->
<testsuite skipped="0" hostname="ML-96137" name="main.core" tests="1" failures="0" timestamp="30 jul 2018 15:45:45 GMT" time="2.407" errors="0">
  <testcase name="main" time="2.407" classname="main.core"/>
</testsuite> <!-- main.core -->
